2026-04-12 08:21:46 | INFO     | src.query_engine | _init_vector_db | Connected to ChromaDB: 27 documents
2026-04-12 08:21:50 | WARNING  | src.query_engine | _init_graph_db | Neo4j connection failed: Couldn't connect to localhost:7687 (resolved to ()):
Failed to establish connection to ResolvedIPv6Address(('::1', 7687, 0, 0)) (reason [WinError 10061] No connection could be made because the target machine actively refused it)
Failed to establish connection to ResolvedIPv4Address(('127.0.0.1', 7687)) (reason [WinError 10061] No connection could be made because the target machine actively refused it). Graph features disabled.
2026-04-12 08:22:01 | INFO     | src.query_engine | __init__ | Loaded reranker: cross-encoder/ms-marco-MiniLM-L-6-v2
2026-04-12 08:22:01 | INFO     | src.query_engine | _init_models | Loaded embedding model: all-MiniLM-L6-v2
2026-04-12 08:22:03 | INFO     | src.query_engine | _build_index | Built BM25 index with 27 documents
2026-04-12 08:22:03 | INFO     | src.query_engine | __init__ | QueryEngine initialized successfully
2026-04-12 08:49:54 | INFO     | __main__ | main | ============================================================
2026-04-12 08:49:54 | INFO     | __main__ | main | Graph-Grounded Temporal RAG - Pipeline Runner
2026-04-12 08:49:54 | INFO     | __main__ | main | ============================================================
2026-04-12 08:49:56 | INFO     | src.utils | validate_manifest | Manifest validated: 8 documents
2026-04-12 08:49:56 | INFO     | __main__ | clean_directories | Cleaned: D:\Graphbased_temporal_RAG\data\processed_texts
2026-04-12 08:49:56 | INFO     | __main__ | clean_directories | Cleaned: D:\Graphbased_temporal_RAG\data\chunks
2026-04-12 08:49:56 | INFO     | __main__ | clean_directories | Cleaned: D:\Graphbased_temporal_RAG\data\extracted
2026-04-12 08:49:56 | INFO     | __main__ | clean_directories | Cleaned: D:\Graphbased_temporal_RAG\data\vectors
2026-04-12 08:49:56 | INFO     | __main__ | __enter__ | Starting: Pipeline Execution
2026-04-12 08:49:56 | INFO     | __main__ | run_script | Running: Phase 1: Parse PDFs
2026-04-12 08:50:13 | INFO     | __main__ | run_script | Completed: Phase 1: Parse PDFs
2026-04-12 08:50:13 | INFO     | __main__ | run_script | Running: Phase 2: Chunk Documents
2026-04-12 08:50:15 | INFO     | __main__ | run_script | Completed: Phase 2: Chunk Documents
2026-04-12 08:50:15 | INFO     | __main__ | run_script | Running: Phase 3: Build Vector Index
2026-04-12 08:50:52 | INFO     | __main__ | run_script | Completed: Phase 3: Build Vector Index
2026-04-12 08:50:52 | INFO     | __main__ | run_script | Running: Phase 4: Build Neo4j Graph
2026-04-12 08:50:54 | ERROR    | __main__ | run_script | Failed: Phase 4: Build Neo4j Graph (exit code 1)
2026-04-12 08:50:54 | ERROR    | __main__ | main | Pipeline failed at: Phase 4: Build Neo4j Graph
2026-04-12 08:50:54 | INFO     | __main__ | __exit__ | Completed: Pipeline Execution (processed 3 items)
2026-04-12 08:51:40 | INFO     | src.query_engine | _init_vector_db | Connected to ChromaDB: 27 documents
2026-04-12 08:51:44 | WARNING  | src.query_engine | _init_graph_db | Neo4j connection failed: Couldn't connect to localhost:7687 (resolved to ()):
Failed to establish connection to ResolvedIPv6Address(('::1', 7687, 0, 0)) (reason [WinError 10061] No connection could be made because the target machine actively refused it)
Failed to establish connection to ResolvedIPv4Address(('127.0.0.1', 7687)) (reason [WinError 10061] No connection could be made because the target machine actively refused it). Graph features disabled.
2026-04-12 08:51:57 | INFO     | src.query_engine | __init__ | Loaded reranker: cross-encoder/ms-marco-MiniLM-L-6-v2
2026-04-12 08:51:57 | INFO     | src.query_engine | _init_models | Loaded embedding model: all-MiniLM-L6-v2
2026-04-12 08:51:57 | INFO     | src.query_engine | _build_index | Built BM25 index with 27 documents
2026-04-12 08:51:57 | INFO     | src.query_engine | __init__ | QueryEngine initialized successfully
2026-04-12 08:52:32 | INFO     | src.ingest | ingest_single_document | Ingesting document: doc_a540bf45 (effective: 2026-04-12)
2026-04-12 08:52:32 | INFO     | src.ingest | ingest_single_document | Saved processed text: D:\Graphbased_temporal_RAG\data\processed_texts\doc_a540bf45.txt
2026-04-12 08:52:32 | WARNING  | src.ingest | ingest_single_document | No chunks generated for doc_a540bf45
2026-04-12 08:53:41 | INFO     | src.query_engine | _init_vector_db | Connected to ChromaDB: 27 documents
2026-04-12 08:53:45 | WARNING  | src.query_engine | _init_graph_db | Neo4j connection failed: Couldn't connect to localhost:7687 (resolved to ()):
Failed to establish connection to ResolvedIPv6Address(('::1', 7687, 0, 0)) (reason [WinError 10061] No connection could be made because the target machine actively refused it)
Failed to establish connection to ResolvedIPv4Address(('127.0.0.1', 7687)) (reason [WinError 10061] No connection could be made because the target machine actively refused it). Graph features disabled.
2026-04-12 08:53:56 | INFO     | src.query_engine | __init__ | Loaded reranker: cross-encoder/ms-marco-MiniLM-L-6-v2
2026-04-12 08:53:56 | INFO     | src.query_engine | _init_models | Loaded embedding model: all-MiniLM-L6-v2
2026-04-12 08:53:56 | INFO     | src.query_engine | _build_index | Built BM25 index with 27 documents
2026-04-12 08:53:56 | INFO     | src.query_engine | __init__ | QueryEngine initialized successfully
2026-04-12 08:54:30 | INFO     | src.query_engine | _init_vector_db | Connected to ChromaDB: 27 documents
2026-04-12 08:54:34 | WARNING  | src.query_engine | _init_graph_db | Neo4j connection failed: Couldn't connect to localhost:7687 (resolved to ()):
Failed to establish connection to ResolvedIPv6Address(('::1', 7687, 0, 0)) (reason [WinError 10061] No connection could be made because the target machine actively refused it)
Failed to establish connection to ResolvedIPv4Address(('127.0.0.1', 7687)) (reason [WinError 10061] No connection could be made because the target machine actively refused it). Graph features disabled.
2026-04-12 08:54:46 | INFO     | src.query_engine | __init__ | Loaded reranker: cross-encoder/ms-marco-MiniLM-L-6-v2
2026-04-12 08:54:46 | INFO     | src.query_engine | _init_models | Loaded embedding model: all-MiniLM-L6-v2
2026-04-12 08:54:47 | INFO     | src.query_engine | _build_index | Built BM25 index with 27 documents
2026-04-12 08:54:47 | INFO     | src.query_engine | __init__ | QueryEngine initialized successfully
2026-04-12 08:54:47 | INFO     | src.query_engine | answer | Processing question: What is the effective date of the original agreement?
2026-04-12 09:01:30 | INFO     | src.query_engine | _init_vector_db | Connected to ChromaDB: 27 documents
2026-04-12 09:01:35 | WARNING  | src.query_engine | _init_graph_db | Neo4j connection failed: Couldn't connect to localhost:7687 (resolved to ()):
Failed to establish connection to ResolvedIPv6Address(('::1', 7687, 0, 0)) (reason [WinError 10061] No connection could be made because the target machine actively refused it)
Failed to establish connection to ResolvedIPv4Address(('127.0.0.1', 7687)) (reason [WinError 10061] No connection could be made because the target machine actively refused it). Graph features disabled.
2026-04-12 09:01:47 | INFO     | src.query_engine | __init__ | Loaded reranker: cross-encoder/ms-marco-MiniLM-L-6-v2
2026-04-12 09:01:47 | INFO     | src.query_engine | _init_models | Loaded embedding model: all-MiniLM-L6-v2
2026-04-12 09:01:47 | INFO     | src.query_engine | _build_index | Built BM25 index with 27 documents
2026-04-12 09:01:47 | INFO     | src.query_engine | __init__ | QueryEngine initialized successfully
2026-04-12 09:02:15 | INFO     | src.query_engine | _init_vector_db | Connected to ChromaDB: 27 documents
2026-04-12 09:02:19 | WARNING  | src.query_engine | _init_graph_db | Neo4j connection failed: Couldn't connect to localhost:7687 (resolved to ()):
Failed to establish connection to ResolvedIPv6Address(('::1', 7687, 0, 0)) (reason [WinError 10061] No connection could be made because the target machine actively refused it)
Failed to establish connection to ResolvedIPv4Address(('127.0.0.1', 7687)) (reason [WinError 10061] No connection could be made because the target machine actively refused it). Graph features disabled.
2026-04-12 09:02:32 | INFO     | src.query_engine | __init__ | Loaded reranker: cross-encoder/ms-marco-MiniLM-L-6-v2
2026-04-12 09:02:32 | INFO     | src.query_engine | _init_models | Loaded embedding model: all-MiniLM-L6-v2
2026-04-12 09:02:32 | INFO     | src.query_engine | _build_index | Built BM25 index with 27 documents
2026-04-12 09:02:32 | INFO     | src.query_engine | __init__ | QueryEngine initialized successfully
2026-04-12 09:02:32 | INFO     | src.query_engine | answer | Processing question: What is the effective date of the original agreement?
2026-04-12 09:02:59 | INFO     | src.query_engine | _init_vector_db | Connected to ChromaDB: 27 documents
2026-04-12 09:03:03 | WARNING  | src.query_engine | _init_graph_db | Neo4j connection failed: Couldn't connect to localhost:7687 (resolved to ()):
Failed to establish connection to ResolvedIPv6Address(('::1', 7687, 0, 0)) (reason [WinError 10061] No connection could be made because the target machine actively refused it)
Failed to establish connection to ResolvedIPv4Address(('127.0.0.1', 7687)) (reason [WinError 10061] No connection could be made because the target machine actively refused it). Graph features disabled.
2026-04-12 09:03:14 | INFO     | src.query_engine | __init__ | Loaded reranker: cross-encoder/ms-marco-MiniLM-L-6-v2
2026-04-12 09:03:14 | INFO     | src.query_engine | _init_models | Loaded embedding model: all-MiniLM-L6-v2
2026-04-12 09:03:15 | INFO     | src.query_engine | _build_index | Built BM25 index with 27 documents
2026-04-12 09:03:15 | INFO     | src.query_engine | __init__ | QueryEngine initialized successfully
2026-04-12 09:04:53 | INFO     | src.query_engine | _init_vector_db | Connected to ChromaDB: 27 documents
2026-04-12 09:04:57 | WARNING  | src.query_engine | _init_graph_db | Neo4j connection failed: Couldn't connect to localhost:7687 (resolved to ()):
Failed to establish connection to ResolvedIPv6Address(('::1', 7687, 0, 0)) (reason [WinError 10061] No connection could be made because the target machine actively refused it)
Failed to establish connection to ResolvedIPv4Address(('127.0.0.1', 7687)) (reason [WinError 10061] No connection could be made because the target machine actively refused it). Graph features disabled.
2026-04-12 09:05:10 | INFO     | src.query_engine | __init__ | Loaded reranker: cross-encoder/ms-marco-MiniLM-L-6-v2
2026-04-12 09:05:10 | INFO     | src.query_engine | _init_models | Loaded embedding model: all-MiniLM-L6-v2
2026-04-12 09:05:11 | INFO     | src.query_engine | _build_index | Built BM25 index with 27 documents
2026-04-12 09:05:11 | INFO     | src.query_engine | __init__ | QueryEngine initialized successfully
