2026-04-11 18:09:39 | INFO     | __main__ | main | ============================================================
2026-04-11 18:09:39 | INFO     | __main__ | main | Graph-Grounded Temporal RAG - Pipeline Runner
2026-04-11 18:09:39 | INFO     | __main__ | main | ============================================================
2026-04-11 18:09:43 | INFO     | src.utils | validate_manifest | Manifest validated: 8 documents
2026-04-11 18:11:33 | INFO     | __main__ | main | ============================================================
2026-04-11 18:11:33 | INFO     | __main__ | main | Graph-Grounded Temporal RAG - Pipeline Runner
2026-04-11 18:11:33 | INFO     | __main__ | main | ============================================================
2026-04-11 18:11:35 | INFO     | src.utils | validate_manifest | Manifest validated: 8 documents
2026-04-11 18:11:35 | INFO     | __main__ | clean_directories | Cleaned: D:\Graphbased_temporal_RAG\data\processed_texts
2026-04-11 18:11:35 | INFO     | __main__ | clean_directories | Cleaned: D:\Graphbased_temporal_RAG\data\chunks
2026-04-11 18:11:35 | INFO     | __main__ | clean_directories | Cleaned: D:\Graphbased_temporal_RAG\data\extracted
2026-04-11 18:11:35 | INFO     | __main__ | clean_directories | Cleaned: D:\Graphbased_temporal_RAG\data\vectors
2026-04-11 18:11:35 | INFO     | __main__ | __enter__ | Starting: Pipeline Execution
2026-04-11 18:11:35 | INFO     | __main__ | run_script | Running: Phase 1: Parse PDFs
2026-04-11 18:11:47 | INFO     | __main__ | run_script | Completed: Phase 1: Parse PDFs
2026-04-11 18:11:47 | INFO     | __main__ | run_script | Running: Phase 2: Chunk Documents
2026-04-11 18:11:50 | INFO     | __main__ | run_script | Completed: Phase 2: Chunk Documents
2026-04-11 18:11:50 | INFO     | __main__ | run_script | Running: Phase 3: Build Vector Index
2026-04-11 18:12:46 | INFO     | __main__ | run_script | Completed: Phase 3: Build Vector Index
2026-04-11 18:12:46 | INFO     | __main__ | run_script | Running: Phase 4: Build Neo4j Graph
2026-04-11 18:12:51 | ERROR    | __main__ | run_script | Failed: Phase 4: Build Neo4j Graph (exit code 1)
2026-04-11 18:12:51 | ERROR    | __main__ | main | Pipeline failed at: Phase 4: Build Neo4j Graph
2026-04-11 18:12:51 | INFO     | __main__ | __exit__ | Completed: Pipeline Execution (processed 3 items)
2026-04-11 18:14:55 | INFO     | src.query_engine | _init_vector_db | Connected to ChromaDB: 27 documents
2026-04-11 18:14:59 | WARNING  | src.query_engine | _init_graph_db | Neo4j connection failed: Couldn't connect to localhost:7687 (resolved to ()):
Failed to establish connection to ResolvedIPv6Address(('::1', 7687, 0, 0)) (reason [WinError 10061] No connection could be made because the target machine actively refused it)
Failed to establish connection to ResolvedIPv4Address(('127.0.0.1', 7687)) (reason [WinError 10061] No connection could be made because the target machine actively refused it). Graph features disabled.
2026-04-11 18:21:29 | INFO     | src.query_engine | __init__ | Loaded reranker: cross-encoder/ms-marco-MiniLM-L-6-v2
2026-04-11 18:21:29 | INFO     | src.query_engine | _init_models | Loaded embedding model: all-MiniLM-L6-v2
2026-04-11 18:21:30 | INFO     | src.query_engine | _build_index | Built BM25 index with 27 documents
2026-04-11 18:21:30 | INFO     | src.query_engine | __init__ | QueryEngine initialized successfully
2026-04-11 18:21:30 | INFO     | src.query_engine | _init_vector_db | Connected to ChromaDB: 27 documents
2026-04-11 18:21:34 | WARNING  | src.query_engine | _init_graph_db | Neo4j connection failed: Couldn't connect to localhost:7687 (resolved to ()):
Failed to establish connection to ResolvedIPv6Address(('::1', 7687, 0, 0)) (reason [WinError 10061] No connection could be made because the target machine actively refused it)
Failed to establish connection to ResolvedIPv4Address(('127.0.0.1', 7687)) (reason [WinError 10061] No connection could be made because the target machine actively refused it). Graph features disabled.
2026-04-11 18:21:48 | INFO     | src.query_engine | __init__ | Loaded reranker: cross-encoder/ms-marco-MiniLM-L-6-v2
2026-04-11 18:21:48 | INFO     | src.query_engine | _init_models | Loaded embedding model: all-MiniLM-L6-v2
2026-04-11 18:21:48 | INFO     | src.query_engine | _build_index | Built BM25 index with 27 documents
2026-04-11 18:21:48 | INFO     | src.query_engine | __init__ | QueryEngine initialized successfully
2026-04-11 18:24:30 | INFO     | src.query_engine | _init_vector_db | Connected to ChromaDB: 27 documents
2026-04-11 18:24:32 | INFO     | src.query_engine | _init_vector_db | Connected to ChromaDB: 27 documents
2026-04-11 18:24:34 | WARNING  | src.query_engine | _init_graph_db | Neo4j connection failed: Couldn't connect to localhost:7687 (resolved to ()):
Failed to establish connection to ResolvedIPv6Address(('::1', 7687, 0, 0)) (reason [WinError 10061] No connection could be made because the target machine actively refused it)
Failed to establish connection to ResolvedIPv4Address(('127.0.0.1', 7687)) (reason [WinError 10061] No connection could be made because the target machine actively refused it). Graph features disabled.
2026-04-11 18:24:36 | WARNING  | src.query_engine | _init_graph_db | Neo4j connection failed: Couldn't connect to localhost:7687 (resolved to ()):
Failed to establish connection to ResolvedIPv6Address(('::1', 7687, 0, 0)) (reason [WinError 10061] No connection could be made because the target machine actively refused it)
Failed to establish connection to ResolvedIPv4Address(('127.0.0.1', 7687)) (reason [WinError 10061] No connection could be made because the target machine actively refused it). Graph features disabled.
2026-04-11 18:24:59 | INFO     | src.query_engine | __init__ | Loaded reranker: cross-encoder/ms-marco-MiniLM-L-6-v2
2026-04-11 18:24:59 | INFO     | src.query_engine | _init_models | Loaded embedding model: all-MiniLM-L6-v2
2026-04-11 18:24:59 | INFO     | src.query_engine | _build_index | Built BM25 index with 27 documents
2026-04-11 18:24:59 | INFO     | src.query_engine | __init__ | QueryEngine initialized successfully
2026-04-11 18:25:00 | INFO     | src.query_engine | __init__ | Loaded reranker: cross-encoder/ms-marco-MiniLM-L-6-v2
2026-04-11 18:25:00 | INFO     | src.query_engine | _init_models | Loaded embedding model: all-MiniLM-L6-v2
2026-04-11 18:25:01 | INFO     | src.query_engine | _build_index | Built BM25 index with 27 documents
2026-04-11 18:25:01 | INFO     | src.query_engine | __init__ | QueryEngine initialized successfully
2026-04-11 18:25:11 | INFO     | src.query_engine | _init_vector_db | Connected to ChromaDB: 27 documents
2026-04-11 18:25:15 | WARNING  | src.query_engine | _init_graph_db | Neo4j connection failed: Couldn't connect to localhost:7687 (resolved to ()):
Failed to establish connection to ResolvedIPv6Address(('::1', 7687, 0, 0)) (reason [WinError 10061] No connection could be made because the target machine actively refused it)
Failed to establish connection to ResolvedIPv4Address(('127.0.0.1', 7687)) (reason [WinError 10061] No connection could be made because the target machine actively refused it). Graph features disabled.
2026-04-11 18:25:38 | INFO     | src.query_engine | __init__ | Loaded reranker: cross-encoder/ms-marco-MiniLM-L-6-v2
2026-04-11 18:25:38 | INFO     | src.query_engine | _init_models | Loaded embedding model: all-MiniLM-L6-v2
2026-04-11 18:25:38 | INFO     | src.query_engine | _build_index | Built BM25 index with 27 documents
2026-04-11 18:25:38 | INFO     | src.query_engine | __init__ | QueryEngine initialized successfully
2026-04-11 18:27:29 | INFO     | src.query_engine | _init_vector_db | Connected to ChromaDB: 27 documents
2026-04-11 18:27:30 | INFO     | src.query_engine | _init_vector_db | Connected to ChromaDB: 27 documents
2026-04-11 18:27:32 | INFO     | src.query_engine | _init_vector_db | Connected to ChromaDB: 27 documents
2026-04-11 18:27:33 | WARNING  | src.query_engine | _init_graph_db | Neo4j connection failed: Couldn't connect to localhost:7687 (resolved to ()):
Failed to establish connection to ResolvedIPv6Address(('::1', 7687, 0, 0)) (reason [WinError 10061] No connection could be made because the target machine actively refused it)
Failed to establish connection to ResolvedIPv4Address(('127.0.0.1', 7687)) (reason [WinError 10061] No connection could be made because the target machine actively refused it). Graph features disabled.
2026-04-11 18:27:34 | WARNING  | src.query_engine | _init_graph_db | Neo4j connection failed: Couldn't connect to localhost:7687 (resolved to ()):
Failed to establish connection to ResolvedIPv6Address(('::1', 7687, 0, 0)) (reason [WinError 10061] No connection could be made because the target machine actively refused it)
Failed to establish connection to ResolvedIPv4Address(('127.0.0.1', 7687)) (reason [WinError 10061] No connection could be made because the target machine actively refused it). Graph features disabled.
2026-04-11 18:27:36 | WARNING  | src.query_engine | _init_graph_db | Neo4j connection failed: Couldn't connect to localhost:7687 (resolved to ()):
Failed to establish connection to ResolvedIPv6Address(('::1', 7687, 0, 0)) (reason [WinError 10061] No connection could be made because the target machine actively refused it)
Failed to establish connection to ResolvedIPv4Address(('127.0.0.1', 7687)) (reason [WinError 10061] No connection could be made because the target machine actively refused it). Graph features disabled.
2026-04-11 18:27:39 | INFO     | src.query_engine | _init_vector_db | Connected to ChromaDB: 27 documents
2026-04-11 18:27:40 | INFO     | src.query_engine | _init_vector_db | Connected to ChromaDB: 27 documents
2026-04-11 18:27:43 | WARNING  | src.query_engine | _init_graph_db | Neo4j connection failed: Couldn't connect to localhost:7687 (resolved to ()):
Failed to establish connection to ResolvedIPv6Address(('::1', 7687, 0, 0)) (reason [WinError 10061] No connection could be made because the target machine actively refused it)
Failed to establish connection to ResolvedIPv4Address(('127.0.0.1', 7687)) (reason [WinError 10061] No connection could be made because the target machine actively refused it). Graph features disabled.
2026-04-11 18:27:45 | WARNING  | src.query_engine | _init_graph_db | Neo4j connection failed: Couldn't connect to localhost:7687 (resolved to ()):
Failed to establish connection to ResolvedIPv6Address(('::1', 7687, 0, 0)) (reason [WinError 10061] No connection could be made because the target machine actively refused it)
Failed to establish connection to ResolvedIPv4Address(('127.0.0.1', 7687)) (reason [WinError 10061] No connection could be made because the target machine actively refused it). Graph features disabled.
2026-04-11 18:27:46 | INFO     | src.query_engine | _init_vector_db | Connected to ChromaDB: 27 documents
2026-04-11 18:27:50 | WARNING  | src.query_engine | _init_graph_db | Neo4j connection failed: Couldn't connect to localhost:7687 (resolved to ()):
Failed to establish connection to ResolvedIPv6Address(('::1', 7687, 0, 0)) (reason [WinError 10061] No connection could be made because the target machine actively refused it)
Failed to establish connection to ResolvedIPv4Address(('127.0.0.1', 7687)) (reason [WinError 10061] No connection could be made because the target machine actively refused it). Graph features disabled.
2026-04-11 18:27:56 | INFO     | src.query_engine | __init__ | Loaded reranker: cross-encoder/ms-marco-MiniLM-L-6-v2
2026-04-11 18:27:56 | INFO     | src.query_engine | _init_models | Loaded embedding model: all-MiniLM-L6-v2
2026-04-11 18:27:56 | INFO     | src.query_engine | _build_index | Built BM25 index with 27 documents
2026-04-11 18:27:56 | INFO     | src.query_engine | __init__ | QueryEngine initialized successfully
2026-04-11 18:27:58 | INFO     | src.query_engine | __init__ | Loaded reranker: cross-encoder/ms-marco-MiniLM-L-6-v2
2026-04-11 18:27:58 | INFO     | src.query_engine | _init_models | Loaded embedding model: all-MiniLM-L6-v2
2026-04-11 18:27:59 | INFO     | src.query_engine | _build_index | Built BM25 index with 27 documents
2026-04-11 18:27:59 | INFO     | src.query_engine | __init__ | QueryEngine initialized successfully
2026-04-11 18:28:02 | INFO     | src.query_engine | __init__ | Loaded reranker: cross-encoder/ms-marco-MiniLM-L-6-v2
2026-04-11 18:28:02 | INFO     | src.query_engine | _init_models | Loaded embedding model: all-MiniLM-L6-v2
2026-04-11 18:28:02 | INFO     | src.query_engine | _build_index | Built BM25 index with 27 documents
2026-04-11 18:28:02 | INFO     | src.query_engine | __init__ | QueryEngine initialized successfully
2026-04-11 18:28:08 | INFO     | src.query_engine | __init__ | Loaded reranker: cross-encoder/ms-marco-MiniLM-L-6-v2
2026-04-11 18:28:08 | INFO     | src.query_engine | _init_models | Loaded embedding model: all-MiniLM-L6-v2
2026-04-11 18:28:08 | INFO     | src.query_engine | _build_index | Built BM25 index with 27 documents
2026-04-11 18:28:08 | INFO     | src.query_engine | __init__ | QueryEngine initialized successfully
2026-04-11 18:28:09 | INFO     | src.query_engine | __init__ | Loaded reranker: cross-encoder/ms-marco-MiniLM-L-6-v2
2026-04-11 18:28:09 | INFO     | src.query_engine | _init_models | Loaded embedding model: all-MiniLM-L6-v2
2026-04-11 18:28:09 | INFO     | src.query_engine | _build_index | Built BM25 index with 27 documents
2026-04-11 18:28:09 | INFO     | src.query_engine | __init__ | QueryEngine initialized successfully
2026-04-11 18:28:13 | INFO     | src.query_engine | __init__ | Loaded reranker: cross-encoder/ms-marco-MiniLM-L-6-v2
2026-04-11 18:28:13 | INFO     | src.query_engine | _init_models | Loaded embedding model: all-MiniLM-L6-v2
2026-04-11 18:28:13 | INFO     | src.query_engine | _build_index | Built BM25 index with 27 documents
2026-04-11 18:28:13 | INFO     | src.query_engine | __init__ | QueryEngine initialized successfully
2026-04-11 18:28:37 | INFO     | src.query_engine | _init_vector_db | Connected to ChromaDB: 27 documents
2026-04-11 18:28:41 | WARNING  | src.query_engine | _init_graph_db | Neo4j connection failed: Couldn't connect to localhost:7687 (resolved to ()):
Failed to establish connection to ResolvedIPv6Address(('::1', 7687, 0, 0)) (reason [WinError 10061] No connection could be made because the target machine actively refused it)
Failed to establish connection to ResolvedIPv4Address(('127.0.0.1', 7687)) (reason [WinError 10061] No connection could be made because the target machine actively refused it). Graph features disabled.
2026-04-11 18:29:00 | INFO     | src.query_engine | __init__ | Loaded reranker: cross-encoder/ms-marco-MiniLM-L-6-v2
2026-04-11 18:29:00 | INFO     | src.query_engine | _init_models | Loaded embedding model: all-MiniLM-L6-v2
2026-04-11 18:29:01 | INFO     | src.query_engine | _build_index | Built BM25 index with 27 documents
2026-04-11 18:29:01 | INFO     | src.query_engine | __init__ | QueryEngine initialized successfully
2026-04-11 18:29:01 | INFO     | src.query_engine | answer | Processing question: what can i help please
2026-04-11 18:29:01 | ERROR    | src.utils | wrapper | Error in search: 'NoneType' object is not subscriptable
2026-04-11 18:29:29 | INFO     | src.query_engine | _init_vector_db | Connected to ChromaDB: 27 documents
2026-04-11 18:29:33 | WARNING  | src.query_engine | _init_graph_db | Neo4j connection failed: Couldn't connect to localhost:7687 (resolved to ()):
Failed to establish connection to ResolvedIPv6Address(('::1', 7687, 0, 0)) (reason [WinError 10061] No connection could be made because the target machine actively refused it)
Failed to establish connection to ResolvedIPv4Address(('127.0.0.1', 7687)) (reason [WinError 10061] No connection could be made because the target machine actively refused it). Graph features disabled.
2026-04-11 18:29:50 | INFO     | src.query_engine | __init__ | Loaded reranker: cross-encoder/ms-marco-MiniLM-L-6-v2
2026-04-11 18:29:50 | INFO     | src.query_engine | _init_models | Loaded embedding model: all-MiniLM-L6-v2
2026-04-11 18:29:50 | INFO     | src.query_engine | _build_index | Built BM25 index with 27 documents
2026-04-11 18:29:50 | INFO     | src.query_engine | __init__ | QueryEngine initialized successfully
2026-04-11 18:29:50 | INFO     | src.query_engine | answer | Processing question: what is this document about
2026-04-11 18:29:50 | ERROR    | src.utils | wrapper | Error in search: 'NoneType' object is not subscriptable
2026-04-11 18:39:29 | INFO     | src.query_engine | _init_vector_db | Connected to ChromaDB: 27 documents
2026-04-11 18:39:33 | WARNING  | src.query_engine | _init_graph_db | Neo4j connection failed: Couldn't connect to localhost:7687 (resolved to ()):
Failed to establish connection to ResolvedIPv6Address(('::1', 7687, 0, 0)) (reason [WinError 10061] No connection could be made because the target machine actively refused it)
Failed to establish connection to ResolvedIPv4Address(('127.0.0.1', 7687)) (reason [WinError 10061] No connection could be made because the target machine actively refused it). Graph features disabled.
2026-04-11 18:39:58 | INFO     | src.query_engine | __init__ | Loaded reranker: cross-encoder/ms-marco-MiniLM-L-6-v2
2026-04-11 18:39:58 | INFO     | src.query_engine | _init_models | Loaded embedding model: all-MiniLM-L6-v2
2026-04-11 18:39:58 | INFO     | src.query_engine | _build_index | Built BM25 index with 27 documents
2026-04-11 18:39:58 | INFO     | src.query_engine | __init__ | QueryEngine initialized successfully
2026-04-11 18:39:58 | INFO     | src.query_engine | _init_vector_db | Connected to ChromaDB: 27 documents
2026-04-11 18:40:02 | WARNING  | src.query_engine | _init_graph_db | Neo4j connection failed: Couldn't connect to localhost:7687 (resolved to ()):
Failed to establish connection to ResolvedIPv6Address(('::1', 7687, 0, 0)) (reason [WinError 10061] No connection could be made because the target machine actively refused it)
Failed to establish connection to ResolvedIPv4Address(('127.0.0.1', 7687)) (reason [WinError 10061] No connection could be made because the target machine actively refused it). Graph features disabled.
2026-04-11 18:40:24 | INFO     | src.query_engine | __init__ | Loaded reranker: cross-encoder/ms-marco-MiniLM-L-6-v2
2026-04-11 18:40:24 | INFO     | src.query_engine | _init_models | Loaded embedding model: all-MiniLM-L6-v2
2026-04-11 18:40:25 | INFO     | src.query_engine | _build_index | Built BM25 index with 27 documents
2026-04-11 18:40:25 | INFO     | src.query_engine | __init__ | QueryEngine initialized successfully
2026-04-11 18:43:07 | INFO     | src.query_engine | _init_vector_db | Connected to ChromaDB: 27 documents
2026-04-11 18:43:11 | WARNING  | src.query_engine | _init_graph_db | Neo4j connection failed: Couldn't connect to localhost:7687 (resolved to ()):
Failed to establish connection to ResolvedIPv6Address(('::1', 7687, 0, 0)) (reason [WinError 10061] No connection could be made because the target machine actively refused it)
Failed to establish connection to ResolvedIPv4Address(('127.0.0.1', 7687)) (reason [WinError 10061] No connection could be made because the target machine actively refused it). Graph features disabled.
2026-04-11 18:43:27 | INFO     | src.query_engine | __init__ | Loaded reranker: cross-encoder/ms-marco-MiniLM-L-6-v2
2026-04-11 18:43:27 | INFO     | src.query_engine | _init_models | Loaded embedding model: all-MiniLM-L6-v2
2026-04-11 18:43:27 | INFO     | src.query_engine | _build_index | Built BM25 index with 27 documents
2026-04-11 18:43:27 | INFO     | src.query_engine | __init__ | QueryEngine initialized successfully
2026-04-11 18:43:27 | INFO     | src.query_engine | _init_vector_db | Connected to ChromaDB: 27 documents
2026-04-11 18:43:31 | WARNING  | src.query_engine | _init_graph_db | Neo4j connection failed: Couldn't connect to localhost:7687 (resolved to ()):
Failed to establish connection to ResolvedIPv6Address(('::1', 7687, 0, 0)) (reason [WinError 10061] No connection could be made because the target machine actively refused it)
Failed to establish connection to ResolvedIPv4Address(('127.0.0.1', 7687)) (reason [WinError 10061] No connection could be made because the target machine actively refused it). Graph features disabled.
2026-04-11 18:43:49 | INFO     | src.query_engine | __init__ | Loaded reranker: cross-encoder/ms-marco-MiniLM-L-6-v2
2026-04-11 18:43:49 | INFO     | src.query_engine | _init_models | Loaded embedding model: all-MiniLM-L6-v2
2026-04-11 18:43:49 | INFO     | src.query_engine | _build_index | Built BM25 index with 27 documents
2026-04-11 18:43:49 | INFO     | src.query_engine | __init__ | QueryEngine initialized successfully
2026-04-11 18:47:56 | INFO     | src.query_engine | _init_vector_db | Connected to ChromaDB: 27 documents
2026-04-11 18:47:59 | WARNING  | src.query_engine | _init_graph_db | Neo4j connection failed: {code: Neo.ClientError.Security.Unauthorized} {message: The client is unauthorized due to authentication failure.}. Graph features disabled.
2026-04-11 18:48:14 | INFO     | src.query_engine | __init__ | Loaded reranker: cross-encoder/ms-marco-MiniLM-L-6-v2
2026-04-11 18:48:14 | INFO     | src.query_engine | _init_models | Loaded embedding model: all-MiniLM-L6-v2
2026-04-11 18:48:15 | INFO     | src.query_engine | _build_index | Built BM25 index with 27 documents
2026-04-11 18:48:15 | INFO     | src.query_engine | __init__ | QueryEngine initialized successfully
2026-04-11 18:48:15 | INFO     | src.query_engine | _init_vector_db | Connected to ChromaDB: 27 documents
2026-04-11 18:48:16 | WARNING  | src.query_engine | _init_graph_db | Neo4j connection failed: {code: Neo.ClientError.Security.Unauthorized} {message: The client is unauthorized due to authentication failure.}. Graph features disabled.
2026-04-11 18:48:30 | INFO     | src.query_engine | __init__ | Loaded reranker: cross-encoder/ms-marco-MiniLM-L-6-v2
2026-04-11 18:48:30 | INFO     | src.query_engine | _init_models | Loaded embedding model: all-MiniLM-L6-v2
2026-04-11 18:48:31 | INFO     | src.query_engine | _build_index | Built BM25 index with 27 documents
2026-04-11 18:48:31 | INFO     | src.query_engine | __init__ | QueryEngine initialized successfully
2026-04-11 18:49:57 | INFO     | src.query_engine | _init_vector_db | Connected to ChromaDB: 27 documents
2026-04-11 18:50:00 | WARNING  | src.query_engine | _init_graph_db | Neo4j connection failed: {code: Neo.ClientError.Security.Unauthorized} {message: The client is unauthorized due to authentication failure.}. Graph features disabled.
2026-04-11 18:50:15 | INFO     | src.query_engine | __init__ | Loaded reranker: cross-encoder/ms-marco-MiniLM-L-6-v2
2026-04-11 18:50:15 | INFO     | src.query_engine | _init_models | Loaded embedding model: all-MiniLM-L6-v2
2026-04-11 18:50:16 | INFO     | src.query_engine | _build_index | Built BM25 index with 27 documents
2026-04-11 18:50:16 | INFO     | src.query_engine | __init__ | QueryEngine initialized successfully
2026-04-11 18:50:16 | INFO     | src.query_engine | _init_vector_db | Connected to ChromaDB: 27 documents
2026-04-11 18:50:19 | WARNING  | src.query_engine | _init_graph_db | Neo4j connection failed: {code: Neo.ClientError.Security.Unauthorized} {message: The client is unauthorized due to authentication failure.}. Graph features disabled.
2026-04-11 18:50:32 | INFO     | src.query_engine | __init__ | Loaded reranker: cross-encoder/ms-marco-MiniLM-L-6-v2
2026-04-11 18:50:32 | INFO     | src.query_engine | _init_models | Loaded embedding model: all-MiniLM-L6-v2
2026-04-11 18:50:33 | INFO     | src.query_engine | _build_index | Built BM25 index with 27 documents
2026-04-11 18:50:33 | INFO     | src.query_engine | __init__ | QueryEngine initialized successfully
2026-04-11 18:52:43 | INFO     | src.query_engine | _init_vector_db | Connected to ChromaDB: 27 documents
2026-04-11 18:52:46 | WARNING  | src.query_engine | _init_graph_db | Neo4j connection failed: {code: Neo.ClientError.Security.Unauthorized} {message: The client is unauthorized due to authentication failure.}. Graph features disabled.
2026-04-11 18:53:05 | INFO     | src.query_engine | __init__ | Loaded reranker: cross-encoder/ms-marco-MiniLM-L-6-v2
2026-04-11 18:53:05 | INFO     | src.query_engine | _init_models | Loaded embedding model: all-MiniLM-L6-v2
2026-04-11 18:53:05 | INFO     | src.query_engine | _build_index | Built BM25 index with 27 documents
2026-04-11 18:53:05 | INFO     | src.query_engine | __init__ | QueryEngine initialized successfully
2026-04-11 18:53:05 | INFO     | src.query_engine | _init_vector_db | Connected to ChromaDB: 27 documents
2026-04-11 18:53:07 | WARNING  | src.query_engine | _init_graph_db | Neo4j connection failed: {code: Neo.ClientError.Security.Unauthorized} {message: The client is unauthorized due to authentication failure.}. Graph features disabled.
2026-04-11 18:53:20 | INFO     | src.query_engine | __init__ | Loaded reranker: cross-encoder/ms-marco-MiniLM-L-6-v2
2026-04-11 18:53:20 | INFO     | src.query_engine | _init_models | Loaded embedding model: all-MiniLM-L6-v2
2026-04-11 18:53:20 | INFO     | src.query_engine | _build_index | Built BM25 index with 27 documents
2026-04-11 18:53:20 | INFO     | src.query_engine | __init__ | QueryEngine initialized successfully
2026-04-11 19:06:23 | INFO     | src.query_engine | _init_vector_db | Connected to ChromaDB: 27 documents
2026-04-11 19:06:24 | WARNING  | src.query_engine | _init_graph_db | Neo4j connection failed: {code: Neo.ClientError.Security.Unauthorized} {message: The client is unauthorized due to authentication failure.}. Graph features disabled.
2026-04-11 19:06:37 | INFO     | src.query_engine | __init__ | Loaded reranker: cross-encoder/ms-marco-MiniLM-L-6-v2
2026-04-11 19:06:37 | INFO     | src.query_engine | _init_models | Loaded embedding model: all-MiniLM-L6-v2
2026-04-11 19:06:37 | INFO     | src.query_engine | _build_index | Built BM25 index with 27 documents
2026-04-11 19:06:37 | INFO     | src.query_engine | __init__ | QueryEngine initialized successfully
2026-04-11 19:06:37 | INFO     | src.query_engine | _init_vector_db | Connected to ChromaDB: 27 documents
2026-04-11 19:06:38 | WARNING  | src.query_engine | _init_graph_db | Neo4j connection failed: {code: Neo.ClientError.Security.Unauthorized} {message: The client is unauthorized due to authentication failure.}. Graph features disabled.
2026-04-11 19:06:47 | INFO     | src.query_engine | __init__ | Loaded reranker: cross-encoder/ms-marco-MiniLM-L-6-v2
2026-04-11 19:06:47 | INFO     | src.query_engine | _init_models | Loaded embedding model: all-MiniLM-L6-v2
2026-04-11 19:06:47 | INFO     | src.query_engine | _build_index | Built BM25 index with 27 documents
2026-04-11 19:06:47 | INFO     | src.query_engine | __init__ | QueryEngine initialized successfully
2026-04-11 19:18:18 | INFO     | src.query_engine | _init_vector_db | Connected to ChromaDB: 27 documents
2026-04-11 19:18:20 | WARNING  | src.query_engine | _init_graph_db | Neo4j connection failed: {code: Neo.ClientError.Security.Unauthorized} {message: The client is unauthorized due to authentication failure.}. Graph features disabled.
2026-04-11 19:18:59 | INFO     | src.query_engine | __init__ | Loaded reranker: cross-encoder/ms-marco-MiniLM-L-6-v2
2026-04-11 19:18:59 | INFO     | src.query_engine | _init_models | Loaded embedding model: all-MiniLM-L6-v2
2026-04-11 19:19:00 | INFO     | src.query_engine | _build_index | Built BM25 index with 27 documents
2026-04-11 19:19:00 | INFO     | src.query_engine | __init__ | QueryEngine initialized successfully
2026-04-11 19:19:00 | INFO     | src.query_engine | answer | Processing question: What is the effective date?
